<?xml version="1.0" encoding="UTF-8"?>
<!-- Generated by org.testng.reporters.JUnitReportReporter -->
<testsuite hostname="Mubashir" failures="0" tests="1" name="tests.SoapXMLRequest" time="0.196" errors="0" timestamp="2023-04-28T10:17:02 EDT" skipped="0">
  <testcase classname="tests.SoapXMLRequest" name="validateSoapXML" time="0.196"/>
  <system-out/>
</testsuite> <!-- tests.SoapXMLRequest -->
