<?xml version="1.0" encoding="UTF-8"?>
<!-- Generated by org.testng.reporters.JUnitReportReporter -->
<testsuite hostname="Mubashir" failures="0" tests="1" name="tests.JsonSchemaValidator" time="1.320" errors="0" timestamp="2023-04-28T10:32:44 EDT" skipped="0">
  <testcase classname="tests.JsonSchemaValidator" name="testGet" time="1.320"/>
  <system-out/>
</testsuite> <!-- tests.JsonSchemaValidator -->
