<?xml version="1.0" encoding="UTF-8"?>
<!-- Generated by org.testng.reporters.JUnitReportReporter -->
<testsuite hostname="Mubashir" failures="0" tests="3" name="tests.PutPatchDeleteExamples" time="2.225" errors="0" timestamp="2023-04-28T10:17:02 EDT" skipped="0">
  <testcase classname="tests.PutPatchDeleteExamples" name="testPut" time="0.336"/>
  <system-out/>
  <testcase classname="tests.PutPatchDeleteExamples" name="testPatch" time="1.552"/>
  <system-out/>
  <testcase classname="tests.PutPatchDeleteExamples" name="testdelete" time="0.337"/>
  <system-out/>
</testsuite> <!-- tests.PutPatchDeleteExamples -->
