<?xml version="1.0" encoding="UTF-8"?>
<!-- Generated by org.testng.reporters.JUnitReportReporter -->
<testsuite hostname="Mubashir" failures="0" tests="1" name="tests.SOapxmlRequest2" time="1.469" errors="0" timestamp="2023-04-26T00:19:39 EDT" skipped="0">
  <testcase classname="tests.SOapxmlRequest2" name="soapApiTest" time="1.469"/>
  <system-out/>
</testsuite> <!-- tests.SOapxmlRequest2 -->
