<?xml version="1.0" encoding="UTF-8"?>
<!-- Generated by org.testng.reporters.JUnitReportReporter -->
<testsuite hostname="Mubashir" failures="0" tests="2" name="tests.GetAndPostExamples" time="0.507" errors="0" timestamp="2023-04-28T10:17:02 EDT" skipped="0">
  <testcase classname="tests.GetAndPostExamples" name="testPost" time="0.302"/>
  <system-out/>
  <testcase classname="tests.GetAndPostExamples" name="testGet" time="0.205"/>
  <system-out/>
</testsuite> <!-- tests.GetAndPostExamples -->
