<?xml version="1.0" encoding="UTF-8"?>
<!-- Generated by org.testng.reporters.JUnitReportReporter -->
<testsuite hostname="Mubashir" failures="0" tests="2" name="tests.TestsExamples" time="0.173" errors="0" timestamp="2023-04-28T10:17:02 EDT" skipped="0">
  <testcase classname="tests.TestsExamples" name="test_02" time="0.110"/>
  <system-out/>
  <testcase classname="tests.TestsExamples" name="test_01" time="0.063"/>
  <system-out/>
</testsuite> <!-- tests.TestsExamples -->
